\BOOKMARK [1][-]{section*.2}{\376\377\000C\000o\000n\000t\000e\000n\000t\000s}{}% 1
\BOOKMARK [1][-]{section.1}{\376\377\000I\000n\000t\000r\000o\000d\000u\000c\000t\000i\000o\000n}{}% 2
\BOOKMARK [2][-]{subsection.1.1}{\376\377\000D\000e\000v\000i\000c\000e\000\040\000I\000n\000f\000o\000r\000m\000a\000t\000i\000o\000n\000s}{section.1}% 3
\BOOKMARK [2][-]{subsection.1.2}{\376\377\000O\000b\000j\000e\000c\000t\000i\000v\000e\000s}{section.1}% 4
\BOOKMARK [2][-]{subsection.1.3}{\376\377\000T\000o\000o\000l\000s\000\040\000U\000s\000e\000d}{section.1}% 5
\BOOKMARK [1][-]{section.2}{\376\377\000A\000n\000a\000l\000y\000s\000i\000s}{}% 6
\BOOKMARK [2][-]{subsection.2.1}{\376\377\000H\000a\000r\000d\000w\000a\000r\000e}{section.2}% 7
\BOOKMARK [3][-]{subsubsection.2.1.1}{\376\377\000U\000A\000R\000T}{subsection.2.1}% 8
\BOOKMARK [3][-]{subsubsection.2.1.2}{\376\377\000E\000e\000p\000r\000o\000m}{subsection.2.1}% 9
\BOOKMARK [2][-]{subsection.2.2}{\376\377\000I\000n\000f\000o\000r\000m\000a\000t\000i\000o\000n\000\040\000G\000a\000t\000h\000e\000r\000i\000n\000g}{section.2}% 10
\BOOKMARK [2][-]{subsection.2.3}{\376\377\000S\000o\000f\000t\000w\000a\000r\000e}{section.2}% 11
\BOOKMARK [3][-]{subsubsection.2.3.1}{\376\377\000E\000e\000p\000r\000o\000m\000\040\000D\000u\000m\000p\000i\000n\000g}{subsection.2.3}% 12
\BOOKMARK [3][-]{subsubsection.2.3.2}{\376\377\000B\000i\000n\000a\000r\000y\000\040\000A\000n\000a\000l\000y\000s\000i\000s}{subsection.2.3}% 13
\BOOKMARK [3][-]{subsubsection.2.3.3}{\376\377\000F\000i\000r\000m\000w\000a\000r\000e\000\040\000E\000m\000u\000l\000a\000t\000i\000o\000n}{subsection.2.3}% 14
\BOOKMARK [3][-]{subsubsection.2.3.4}{\376\377\000F\000i\000r\000m\000w\000a\000r\000e\000\040\000A\000n\000a\000l\000y\000s\000i\000s}{subsection.2.3}% 15
\BOOKMARK [1][-]{section.3}{\376\377\000E\000x\000p\000l\000o\000i\000t\000i\000n\000g}{}% 16
\BOOKMARK [2][-]{subsection.3.1}{\376\377\000L\000o\000g\000i\000n\000\040\000B\000y\000-\000p\000a\000s\000s}{section.3}% 17
\BOOKMARK [3][-]{subsubsection.3.1.1}{\376\377\000E\000x\000p\000l\000o\000i\000t\000a\000t\000i\000o\000n}{subsection.3.1}% 18
\BOOKMARK [2][-]{subsection.3.2}{\376\377\000R\000C\000E}{section.3}% 19
\BOOKMARK [3][-]{subsubsection.3.2.1}{\376\377\000E\000x\000e\000c\000u\000t\000i\000n\000g\000\040\000C\000o\000m\000m\000a\000n\000d\000s}{subsection.3.2}% 20
\BOOKMARK [3][-]{subsubsection.3.2.2}{\376\377\000G\000a\000i\000n\000i\000n\000g\000\040\000S\000h\000e\000l\000l}{subsection.3.2}% 21
\BOOKMARK [3][-]{subsubsection.3.2.3}{\376\377\000A\000r\000p\000\040\000P\000o\000i\000s\000o\000n\000i\000n\000g}{subsection.3.2}% 22
\BOOKMARK [2][-]{subsection.3.3}{\376\377\000X\000S\000S}{section.3}% 23
\BOOKMARK [3][-]{subsubsection.3.3.1}{\376\377\000E\000x\000p\000l\000o\000i\000t\000a\000t\000i\000o\000n}{subsection.3.3}% 24
\BOOKMARK [1][-]{section.4}{\376\377\000F\000i\000x\000i\000n\000g}{}% 25
\BOOKMARK [2][-]{subsection.4.1}{\376\377\000B\000i\000n\000a\000r\000y\000\040\000P\000a\000t\000c\000h\000i\000n\000g}{section.4}% 26
\BOOKMARK [3][-]{subsubsection.4.1.1}{\376\377\000P\000a\000t\000c\000h\000i\000n\000g\000\040\000L\000o\000g\000i\000n\000\040\000B\000y\000-\000p\000a\000s\000s}{subsection.4.1}% 27
\BOOKMARK [3][-]{subsubsection.4.1.2}{\376\377\000P\000a\000t\000c\000h\000i\000n\000g\000\040\000R\000C\000E}{subsection.4.1}% 28
\BOOKMARK [3][-]{subsubsection.4.1.3}{\376\377\000P\000a\000t\000c\000h\000i\000n\000g\000\040\000X\000S\000S}{subsection.4.1}% 29
\BOOKMARK [2][-]{subsection.4.2}{\376\377\000C\000o\000m\000p\000i\000l\000i\000n\000g\000\040\000F\000i\000r\000m\000w\000a\000r\000e}{section.4}% 30
\BOOKMARK [1][-]{section.5}{\376\377\000C\000o\000n\000c\000l\000u\000s\000i\000o\000n}{}% 31
